# JRE version: OpenJDK Runtime Environment Temurin-17.0.16+8 (17.0.16+8) (build 17.0.16+8)
# Java VM: OpenJDK 64-Bit Server VM Temurin-17.0.16+8 (17.0.16+8, mixed mode, sharing, tiered, compressed oops, compressed class ptrs, g1 gc, windows-amd64)
GC Precious Log:
 CPUs: 16 total, 16 available
 Memory: 31871M
 Large Page Support: Disabled
 NUMA Support: Disabled
 Compressed Oops: Enabled (Zero based)
 Heap Region Size: 4M
 Heap Min Capacity: 8M
 Heap Initial Capacity: 500M
 Heap Max Capacity: 7968M
 Pre-touch: Disabled
 Parallel Workers: 13
 Concurrent Workers: 3
 Concurrent Refinement Workers: 13
 Periodic GC: Disabled
Heap:
 garbage-first heap   total 843776K, used 691750K [0x000000060e000000, 0x0000000800000000)
  region size 4096K, 2 young (8192K), 2 survivors (8192K)
 Metaspace       used 109317K, committed 111104K, reserved 1179648K
  class space    used 16091K, committed 16896K, reserved 1048576K
GC Heap History (20 events):
Event: 17.968 GC heap after
{Heap after GC invocations=42 (full 0):
 garbage-first heap   total 466944K, used 249382K [0x000000060e000000, 0x0000000800000000)
  region size 4096K, 5 young (20480K), 5 survivors (20480K)
 Metaspace       used 93556K, committed 95232K, reserved 1179648K
  class space    used 13661K, committed 14400K, reserved 1048576K
}
Event: 18.495 GC heap before
{Heap before GC invocations=42 (full 0):
 garbage-first heap   total 466944K, used 376358K [0x000000060e000000, 0x0000000800000000)
  region size 4096K, 37 young (151552K), 5 survivors (20480K)
 Metaspace       used 94229K, committed 95936K, reserved 1179648K
  class space    used 13747K, committed 14464K, reserved 1048576K
}
Event: 18.504 GC heap after
{Heap after GC invocations=43 (full 0):
 garbage-first heap   total 843776K, used 268250K [0x000000060e000000, 0x0000000800000000)
  region size 4096K, 5 young (20480K), 5 survivors (20480K)
 Metaspace       used 94229K, committed 95936K, reserved 1179648K
  class space    used 13747K, committed 14464K, reserved 1048576K
}
Event: 23.653 GC heap before
{Heap before GC invocations=44 (full 0):
 garbage-first heap   total 843776K, used 624602K [0x000000060e000000, 0x0000000800000000)
  region size 4096K, 93 young (380928K), 5 survivors (20480K)
 Metaspace       used 99396K, committed 101056K, reserved 1179648K
  class space    used 14494K, committed 15232K, reserved 1048576K
}
Event: 23.660 GC heap after
{Heap after GC invocations=45 (full 0):
 garbage-first heap   total 843776K, used 291238K [0x000000060e000000, 0x0000000800000000)
  region size 4096K, 10 young (40960K), 10 survivors (40960K)
 Metaspace       used 99396K, committed 101056K, reserved 1179648K
  class space    used 14494K, committed 15232K, reserved 1048576K
}
Event: 23.665 GC heap before
{Heap before GC invocations=45 (full 0):
 garbage-first heap   total 843776K, used 295334K [0x000000060e000000, 0x0000000800000000)
  region size 4096K, 11 young (45056K), 10 survivors (40960K)
 Metaspace       used 99396K, committed 101056K, reserved 1179648K
  class space    used 14494K, committed 15232K, reserved 1048576K
}
Event: 23.670 GC heap after
{Heap after GC invocations=46 (full 0):
 garbage-first heap   total 843776K, used 292232K [0x000000060e000000, 0x0000000800000000)
  region size 4096K, 1 young (4096K), 1 survivors (4096K)
 Metaspace       used 99396K, committed 101056K, reserved 1179648K
  class space    used 14494K, committed 15232K, reserved 1048576K
}
Event: 24.856 GC heap before
{Heap before GC invocations=46 (full 0):
 garbage-first heap   total 843776K, used 640392K [0x000000060e000000, 0x0000000800000000)
  region size 4096K, 87 young (356352K), 1 survivors (4096K)
 Metaspace       used 104082K, committed 105792K, reserved 1179648K
  class space    used 15380K, committed 16128K, reserved 1048576K
}
Event: 24.860 GC heap after
{Heap after GC invocations=47 (full 0):
 garbage-first heap   total 843776K, used 302255K [0x000000060e000000, 0x0000000800000000)
  region size 4096K, 4 young (16384K), 4 survivors (16384K)
 Metaspace       used 104082K, committed 105792K, reserved 1179648K
  class space    used 15380K, committed 16128K, reserved 1048576K
}
Event: 25.609 GC heap before
{Heap before GC invocations=47 (full 0):
 garbage-first heap   total 843776K, used 654511K [0x000000060e000000, 0x0000000800000000)
  region size 4096K, 91 young (372736K), 4 survivors (16384K)
 Metaspace       used 105765K, committed 107456K, reserved 1179648K
  class space    used 15620K, committed 16384K, reserved 1048576K
}
Event: 25.614 GC heap after
{Heap after GC invocations=48 (full 0):
 garbage-first heap   total 843776K, used 307991K [0x000000060e000000, 0x0000000800000000)
  region size 4096K, 5 young (20480K), 5 survivors (20480K)
 Metaspace       used 105765K, committed 107456K, reserved 1179648K
  class space    used 15620K, committed 16384K, reserved 1048576K
}
Event: 26.798 GC heap before
{Heap before GC invocations=48 (full 0):
 garbage-first heap   total 843776K, used 680727K [0x000000060e000000, 0x0000000800000000)
  region size 4096K, 96 young (393216K), 5 survivors (20480K)
 Metaspace       used 109262K, committed 111040K, reserved 1179648K
  class space    used 16090K, committed 16896K, reserved 1048576K
}
Event: 26.815 GC heap after
{Heap after GC invocations=49 (full 0):
 garbage-first heap   total 843776K, used 403213K [0x000000060e000000, 0x0000000800000000)
  region size 4096K, 12 young (49152K), 12 survivors (49152K)
 Metaspace       used 109262K, committed 111040K, reserved 1179648K
  class space    used 16090K, committed 16896K, reserved 1048576K
}
Event: 26.902 GC heap before
{Heap before GC invocations=49 (full 0):
 garbage-first heap   total 843776K, used 620301K [0x000000060e000000, 0x0000000800000000)
  region size 4096K, 65 young (266240K), 12 survivors (49152K)
 Metaspace       used 109303K, committed 111104K, reserved 1179648K
  class space    used 16091K, committed 16896K, reserved 1048576K
}
Event: 26.930 GC heap after
{Heap after GC invocations=50 (full 0):
 garbage-first heap   total 843776K, used 543973K [0x000000060e000000, 0x0000000800000000)
  region size 4096K, 9 young (36864K), 9 survivors (36864K)
 Metaspace       used 109303K, committed 111104K, reserved 1179648K
  class space    used 16091K, committed 16896K, reserved 1048576K
}
Event: 26.971 GC heap before
{Heap before GC invocations=50 (full 0):
 garbage-first heap   total 843776K, used 642277K [0x000000060e000000, 0x0000000800000000)
  region size 4096K, 33 young (135168K), 9 survivors (36864K)
 Metaspace       used 109304K, committed 111104K, reserved 1179648K
  class space    used 16091K, committed 16896K, reserved 1048576K
}
Event: 26.986 GC heap after
{Heap after GC invocations=51 (full 0):
 garbage-first heap   total 843776K, used 618022K [0x000000060e000000, 0x0000000800000000)
  region size 4096K, 5 young (20480K), 5 survivors (20480K)
 Metaspace       used 109304K, committed 111104K, reserved 1179648K
  class space    used 16091K, committed 16896K, reserved 1048576K
}
Event: 27.017 GC heap before
{Heap before GC invocations=51 (full 0):
 garbage-first heap   total 843776K, used 675366K [0x000000060e000000, 0x0000000800000000)
  region size 4096K, 19 young (77824K), 5 survivors (20480K)
 Metaspace       used 109315K, committed 111104K, reserved 1179648K
  class space    used 16091K, committed 16896K, reserved 1048576K
}
Event: 27.027 GC heap after
{Heap after GC invocations=52 (full 0):
 garbage-first heap   total 843776K, used 663050K [0x000000060e000000, 0x0000000800000000)
  region size 4096K, 3 young (12288K), 3 survivors (12288K)
 Metaspace       used 109315K, committed 111104K, reserved 1179648K
  class space    used 16091K, committed 16896K, reserved 1048576K
}
Event: 27.048 GC heap before
{Heap before GC invocations=52 (full 0):
 garbage-first heap   total 843776K, used 699914K [0x000000060e000000, 0x0000000800000000)
  region size 4096K, 12 young (49152K), 3 survivors (12288K)
 Metaspace       used 109317K, committed 111104K, reserved 1179648K
  class space    used 16091K, committed 16896K, reserved 1048576K
}

